[ 2014-10-26T16:51:04+08:00 ] 127.0.0.1 /Qingworld
INFO: [ app_begin ] --START--
INFO: Run Behavior\ReadHtmlCache [ RunTime:0.001748s ]
INFO: [ app_begin ] --END-- [ RunTime:0.003848s ]
INFO: [ view_parse ] --START--
INFO: [ template_filter ] --START--
INFO: Run Behavior\ContentReplace [ RunTime:0.000105s ]
INFO: [ template_filter ] --END-- [ RunTime:0.000245s ]
INFO: Run Behavior\ParseTemplate [ RunTime:0.066354s ]
INFO: [ view_parse ] --END-- [ RunTime:0.066480s ]
INFO: [ view_filter ] --START--
INFO: Run Behavior\WriteHtmlCache [ RunTime:0.010951s ]
INFO: [ view_filter ] --END-- [ RunTime:0.011069s ]
INFO: [ app_end ] --START--
INFO: Run Behavior\ShowPageTrace [ RunTime:0.012405s ]
INFO: [ app_end ] --END-- [ RunTime:0.013042s ]

[ 2014-10-26T16:51:04+08:00 ] 127.0.0.1 /Qingworld/index/main.html
INFO: [ app_begin ] --START--
INFO: Run Behavior\ReadHtmlCache [ RunTime:0.000657s ]
INFO: [ app_begin ] --END-- [ RunTime:0.001095s ]
INFO: [ view_parse ] --START--
INFO: [ template_filter ] --START--
INFO: Run Behavior\ContentReplace [ RunTime:0.000336s ]
INFO: [ template_filter ] --END-- [ RunTime:0.000512s ]
INFO: Run Behavior\ParseTemplate [ RunTime:0.043027s ]
INFO: [ view_parse ] --END-- [ RunTime:0.043216s ]
INFO: [ view_filter ] --START--
INFO: Run Behavior\WriteHtmlCache [ RunTime:0.000980s ]
INFO: [ view_filter ] --END-- [ RunTime:0.001153s ]
INFO: [ app_end ] --START--
INFO: Run Behavior\ShowPageTrace [ RunTime:0.001619s ]
INFO: [ app_end ] --END-- [ RunTime:0.001920s ]

[ 2014-10-26T16:51:08+08:00 ] 127.0.0.1 /Qingworld/User/index.html
INFO: [ app_begin ] --START--
INFO: Run Behavior\ReadHtmlCache [ RunTime:0.000664s ]
INFO: [ app_begin ] --END-- [ RunTime:0.001156s ]
SQL: SHOW COLUMNS FROM `q_userinfo` [ RunTime:0.084469s ]
SQL: SELECT `uid`,`username`,`adminid`,`groupid`,`regdate`,`lastvisit`,`posts`,`credits`,`email`,`ustate` FROM `q_userinfo` ORDER BY regdate desc LIMIT 0,10   [ RunTime:0.000827s ]
INFO: [ view_parse ] --START--
INFO: [ template_filter ] --START--
INFO: Run Behavior\ContentReplace [ RunTime:0.000094s ]
INFO: [ template_filter ] --END-- [ RunTime:0.000212s ]
INFO: Run Behavior\ParseTemplate [ RunTime:0.022761s ]
INFO: [ view_parse ] --END-- [ RunTime:0.022927s ]
INFO: [ view_filter ] --START--
INFO: Run Behavior\WriteHtmlCache [ RunTime:0.000451s ]
INFO: [ view_filter ] --END-- [ RunTime:0.000538s ]
INFO: [ app_end ] --START--
INFO: Run Behavior\ShowPageTrace [ RunTime:0.000796s ]
INFO: [ app_end ] --END-- [ RunTime:0.000891s ]

[ 2014-10-26T16:52:06+08:00 ] 127.0.0.1 /Qingworld/User/index.html
INFO: [ app_begin ] --START--
INFO: Run Behavior\ReadHtmlCache [ RunTime:0.000992s ]
INFO: [ app_begin ] --END-- [ RunTime:0.001568s ]
SQL: SHOW COLUMNS FROM `q_userinfo` [ RunTime:0.003308s ]
SQL: SELECT `uid`,`username`,`adminid`,`groupid`,`regdate`,`lastvisit`,`posts`,`credits`,`email`,`ustate` FROM `q_userinfo` ORDER BY regdate desc LIMIT 0,10   [ RunTime:0.000213s ]
INFO: [ view_parse ] --START--
INFO: [ template_filter ] --START--
INFO: Run Behavior\ContentReplace [ RunTime:0.000104s ]
INFO: [ template_filter ] --END-- [ RunTime:0.000241s ]
INFO: Run Behavior\ParseTemplate [ RunTime:0.011955s ]
INFO: [ view_parse ] --END-- [ RunTime:0.012080s ]
INFO: [ view_filter ] --START--
INFO: Run Behavior\WriteHtmlCache [ RunTime:0.000984s ]
INFO: [ view_filter ] --END-- [ RunTime:0.001119s ]
INFO: [ app_end ] --START--
INFO: Run Behavior\ShowPageTrace [ RunTime:0.001619s ]
INFO: [ app_end ] --END-- [ RunTime:0.001782s ]

[ 2014-10-26T16:52:09+08:00 ] 127.0.0.1 /Qingworld
INFO: [ app_begin ] --START--
INFO: Run Behavior\ReadHtmlCache [ RunTime:0.001014s ]
INFO: [ app_begin ] --END-- [ RunTime:0.001543s ]
INFO: [ view_parse ] --START--
INFO: [ template_filter ] --START--
INFO: Run Behavior\ContentReplace [ RunTime:0.000109s ]
INFO: [ template_filter ] --END-- [ RunTime:0.000281s ]
INFO: Run Behavior\ParseTemplate [ RunTime:0.016356s ]
INFO: [ view_parse ] --END-- [ RunTime:0.016469s ]
INFO: [ view_filter ] --START--
INFO: Run Behavior\WriteHtmlCache [ RunTime:0.000703s ]
INFO: [ view_filter ] --END-- [ RunTime:0.000773s ]
INFO: [ app_end ] --START--
INFO: Run Behavior\ShowPageTrace [ RunTime:0.001351s ]
INFO: [ app_end ] --END-- [ RunTime:0.001481s ]

[ 2014-10-26T16:52:09+08:00 ] 127.0.0.1 /Qingworld/index/main.html
INFO: [ app_begin ] --START--
INFO: Run Behavior\ReadHtmlCache [ RunTime:0.000994s ]
INFO: [ app_begin ] --END-- [ RunTime:0.001589s ]
INFO: [ view_parse ] --START--
INFO: [ template_filter ] --START--
INFO: Run Behavior\ContentReplace [ RunTime:0.000279s ]
INFO: [ template_filter ] --END-- [ RunTime:0.000488s ]
INFO: Run Behavior\ParseTemplate [ RunTime:0.023652s ]
INFO: [ view_parse ] --END-- [ RunTime:0.023865s ]
INFO: [ view_filter ] --START--
INFO: Run Behavior\WriteHtmlCache [ RunTime:0.001468s ]
INFO: [ view_filter ] --END-- [ RunTime:0.001659s ]
INFO: [ app_end ] --START--
INFO: Run Behavior\ShowPageTrace [ RunTime:0.001924s ]
INFO: [ app_end ] --END-- [ RunTime:0.002251s ]

[ 2014-10-26T16:52:13+08:00 ] 127.0.0.1 /Qingworld/User/index.html
INFO: [ app_begin ] --START--
INFO: Run Behavior\ReadHtmlCache [ RunTime:0.001396s ]
INFO: [ app_begin ] --END-- [ RunTime:0.002197s ]
SQL: SHOW COLUMNS FROM `q_userinfo` [ RunTime:0.002876s ]
SQL: SELECT `uid`,`username`,`adminid`,`groupid`,`regdate`,`lastvisit`,`posts`,`credits`,`email`,`ustate` FROM `q_userinfo` ORDER BY regdate desc LIMIT 0,10   [ RunTime:0.000204s ]
INFO: [ view_parse ] --START--
INFO: [ template_filter ] --START--
INFO: Run Behavior\ContentReplace [ RunTime:0.000094s ]
INFO: [ template_filter ] --END-- [ RunTime:0.000534s ]
INFO: Run Behavior\ParseTemplate [ RunTime:0.012310s ]
INFO: [ view_parse ] --END-- [ RunTime:0.012419s ]
INFO: [ view_filter ] --START--
INFO: Run Behavior\WriteHtmlCache [ RunTime:0.000426s ]
INFO: [ view_filter ] --END-- [ RunTime:0.000499s ]
INFO: [ app_end ] --START--
INFO: Run Behavior\ShowPageTrace [ RunTime:0.000842s ]
INFO: [ app_end ] --END-- [ RunTime:0.000931s ]

[ 2014-10-26T16:52:41+08:00 ] 127.0.0.1 /Qingworld
INFO: [ app_begin ] --START--
INFO: Run Behavior\ReadHtmlCache [ RunTime:0.000640s ]
INFO: [ app_begin ] --END-- [ RunTime:0.001067s ]
INFO: [ view_parse ] --START--
INFO: [ template_filter ] --START--
INFO: Run Behavior\ContentReplace [ RunTime:0.000102s ]
INFO: [ template_filter ] --END-- [ RunTime:0.000238s ]
INFO: Run Behavior\ParseTemplate [ RunTime:0.015622s ]
INFO: [ view_parse ] --END-- [ RunTime:0.015721s ]
INFO: [ view_filter ] --START--
INFO: Run Behavior\WriteHtmlCache [ RunTime:0.000430s ]
INFO: [ view_filter ] --END-- [ RunTime:0.000527s ]
INFO: [ app_end ] --START--
INFO: Run Behavior\ShowPageTrace [ RunTime:0.000942s ]
INFO: [ app_end ] --END-- [ RunTime:0.001054s ]

[ 2014-10-26T16:52:41+08:00 ] 127.0.0.1 /Qingworld/index/main.html
INFO: [ app_begin ] --START--
INFO: Run Behavior\ReadHtmlCache [ RunTime:0.001009s ]
INFO: [ app_begin ] --END-- [ RunTime:0.001740s ]
INFO: [ view_parse ] --START--
INFO: [ template_filter ] --START--
INFO: Run Behavior\ContentReplace [ RunTime:0.000227s ]
INFO: [ template_filter ] --END-- [ RunTime:0.000371s ]
INFO: Run Behavior\ParseTemplate [ RunTime:0.016183s ]
INFO: [ view_parse ] --END-- [ RunTime:0.016399s ]
INFO: [ view_filter ] --START--
INFO: Run Behavior\WriteHtmlCache [ RunTime:0.000762s ]
INFO: [ view_filter ] --END-- [ RunTime:0.000931s ]
INFO: [ app_end ] --START--
INFO: Run Behavior\ShowPageTrace [ RunTime:0.001449s ]
INFO: [ app_end ] --END-- [ RunTime:0.001742s ]

